Performing C SOURCE FILE Test CMAKE_HAVE_LIBC_PTHREAD failed with the following output:
Change Dir: /home/sanshiqi/project/DRL-robot-navigation/catkin_ws/build_isolated/unitree_legged_control/CMakeFiles/CMakeTmp

Run Build Command(s):/usr/bin/make cmTC_c4bbe/fast && /usr/bin/make -f CMakeFiles/cmTC_c4bbe.dir/build.make CMakeFiles/cmTC_c4bbe.dir/build
make[1]: 进入目录“/home/sanshiqi/project/DRL-robot-navigation/catkin_ws/build_isolated/unitree_legged_control/CMakeFiles/CMakeTmp”
Building C object CMakeFiles/cmTC_c4bbe.dir/src.c.o
/usr/bin/cc   -DCMAKE_HAVE_LIBC_PTHREAD   -o CMakeFiles/cmTC_c4bbe.dir/src.c.o   -c /home/sanshiqi/project/DRL-robot-navigation/catkin_ws/build_isolated/unitree_legged_control/CMakeFiles/CMakeTmp/src.c
Linking C executable cmTC_c4bbe
/usr/bin/cmake -E cmake_link_script CMakeFiles/cmTC_c4bbe.dir/link.txt --verbose=1
/usr/bin/cc  -DCMAKE_HAVE_LIBC_PTHREAD    -rdynamic CMakeFiles/cmTC_c4bbe.dir/src.c.o  -o cmTC_c4bbe 
/usr/bin/ld: CMakeFiles/cmTC_c4bbe.dir/src.c.o: in function `main':
src.c:(.text+0x46): undefined reference to `pthread_create'
/usr/bin/ld: src.c:(.text+0x52): undefined reference to `pthread_detach'
/usr/bin/ld: src.c:(.text+0x63): undefined reference to `pthread_join'
collect2: error: ld returned 1 exit status
make[1]: *** [CMakeFiles/cmTC_c4bbe.dir/build.make:87：cmTC_c4bbe] 错误 1
make[1]: 离开目录“/home/sanshiqi/project/DRL-robot-navigation/catkin_ws/build_isolated/unitree_legged_control/CMakeFiles/CMakeTmp”
make: *** [Makefile:121：cmTC_c4bbe/fast] 错误 2


Source file was:
#include <pthread.h>

void* test_func(void* data)
{
  return data;
}

int main(void)
{
  pthread_t thread;
  pthread_create(&thread, NULL, test_func, NULL);
  pthread_detach(thread);
  pthread_join(thread, NULL);
  pthread_atfork(NULL, NULL, NULL);
  pthread_exit(NULL);

  return 0;
}

Determining if the function pthread_create exists in the pthreads failed with the following output:
Change Dir: /home/sanshiqi/project/DRL-robot-navigation/catkin_ws/build_isolated/unitree_legged_control/CMakeFiles/CMakeTmp

Run Build Command(s):/usr/bin/make cmTC_a424b/fast && /usr/bin/make -f CMakeFiles/cmTC_a424b.dir/build.make CMakeFiles/cmTC_a424b.dir/build
make[1]: 进入目录“/home/sanshiqi/project/DRL-robot-navigation/catkin_ws/build_isolated/unitree_legged_control/CMakeFiles/CMakeTmp”
Building C object CMakeFiles/cmTC_a424b.dir/CheckFunctionExists.c.o
/usr/bin/cc   -DCHECK_FUNCTION_EXISTS=pthread_create   -o CMakeFiles/cmTC_a424b.dir/CheckFunctionExists.c.o   -c /usr/share/cmake-3.16/Modules/CheckFunctionExists.c
Linking C executable cmTC_a424b
/usr/bin/cmake -E cmake_link_script CMakeFiles/cmTC_a424b.dir/link.txt --verbose=1
/usr/bin/cc  -DCHECK_FUNCTION_EXISTS=pthread_create    -rdynamic CMakeFiles/cmTC_a424b.dir/CheckFunctionExists.c.o  -o cmTC_a424b  -lpthreads 
/usr/bin/ld: 找不到 -lpthreads
collect2: error: ld returned 1 exit status
make[1]: *** [CMakeFiles/cmTC_a424b.dir/build.make:87：cmTC_a424b] 错误 1
make[1]: 离开目录“/home/sanshiqi/project/DRL-robot-navigation/catkin_ws/build_isolated/unitree_legged_control/CMakeFiles/CMakeTmp”
make: *** [Makefile:121：cmTC_a424b/fast] 错误 2



